Beginning 10 element array addition test (chunks)

Storing arrays took 150 clock cycles
Adding arrays took 293 clock cycles
Verifying the sum took 141 clock cycles
Finishing 50 element array addition test (chunks)
Beginning 50 element array addition test (chunks)

Storing arrays took 666 clock cycles
Adding arrays took 1221 clock cycles
Verifying the sum took 506 clock cycles
Finishing 100 element array addition test (chunks)
Beginning 100 element array addition test (chunks)

Storing arrays took 940 clock cycles
Adding arrays took 1904 clock cycles
Verifying the sum took 954 clock cycles
Finishing 500 element array addition test (chunks)
Beginning 500 element array addition test (chunks)

Storing arrays took 6904 clock cycles
Adding arrays took 12304 clock cycles
Verifying the sum took 5326 clock cycles
Finishing 1000 element array addition test (chunks)
Beginning 1000 element array addition test (chunks)

Storing arrays took 12024 clock cycles
Adding arrays took 25888 clock cycles
Verifying the sum took 9250 clock cycles
Finishing 1500 element array addition test (chunks)
Beginning 1500 element array addition test (chunks)

Storing arrays took 21924 clock cycles
Adding arrays took 39058 clock cycles
Verifying the sum took 13904 clock cycles
Finishing 2500 element array addition test (chunks)
Beginning 2500 element array addition test (chunks)

Storing arrays took 32776 clock cycles
Adding arrays took 65058 clock cycles
Verifying the sum took 23154 clock cycles
Finishing 5000 element array addition test (chunks)
Beginning 5000 element array addition test (chunks)

Storing arrays took 75000 clock cycles
Adding arrays took 130000 clock cycles
Verifying the sum took 46250 clock cycles
Finishing 7500 element array addition test (chunks)
Beginning 7500 element array addition test (chunks)

Storing arrays took 112500 clock cycles
Adding arrays took 195058 clock cycles
Verifying the sum took 69404 clock cycles
Finishing 10000 element array addition test (chunks)
Beginning 10000 element array addition test (chunks)

Storing arrays took 150000 clock cycles
Adding arrays took 260000 clock cycles
Verifying the sum took 92500 clock cycles
Finishing 10 element array addition test (interleaved)
Beginning 10 element array addition test (interleaved)

Storing arrays took 165 clock cycles
Adding arrays took 405 clock cycles
Verifying the sum took 198 clock cycles
Finishing 50 element array addition test (interleaved)
Beginning 50 element array addition test (interleaved)

Storing arrays took 686 clock cycles
Adding arrays took 1647 clock cycles
Verifying the sum took 878 clock cycles
Finishing 100 element array addition test (interleaved)
Beginning 100 element array addition test (interleaved)

Storing arrays took 1231 clock cycles
Adding arrays took 2123 clock cycles
Verifying the sum took 1700 clock cycles
Finishing 500 element array addition test (interleaved)
Beginning 500 element array addition test (interleaved)

Storing arrays took 7887 clock cycles
Adding arrays took 17120 clock cycles
Verifying the sum took 8500 clock cycles
Finishing 1000 element array addition test (interleaved)
Beginning 1000 element array addition test (interleaved)

Storing arrays took 11815 clock cycles
Adding arrays took 40656 clock cycles
Verifying the sum took 17280 clock cycles
Finishing 1500 element array addition test (interleaved)
Beginning 1500 element array addition test (interleaved)

Storing arrays took 22356 clock cycles
Adding arrays took 63375 clock cycles
Verifying the sum took 25512 clock cycles
Finishing 2500 element array addition test (interleaved)
Beginning 2500 element array addition test (interleaved)

Storing arrays took 37515 clock cycles
Adding arrays took 105625 clock cycles
Verifying the sum took 42500 clock cycles
Finishing 5000 element array addition test (interleaved)
Beginning 5000 element array addition test (interleaved)

Storing arrays took 75000 clock cycles
Adding arrays took 211250 clock cycles
Verifying the sum took 85012 clock cycles
Finishing 7500 element array addition test (interleaved)
Beginning 7500 element array addition test (interleaved)

Storing arrays took 112515 clock cycles
Adding arrays took 316875 clock cycles
Verifying the sum took 127500 clock cycles
Finishing 10000 element array addition test (interleaved)
Beginning 10000 element array addition test (interleaved)

Storing arrays took 150000 clock cycles
Adding arrays took 422500 clock cycles
Verifying the sum took 170012 clock cycles
