Beginning 10 element array addition test (chunks)

Storing arrays took 140 clock cycles
Adding arrays took 216 clock cycles
Verifying the sum took 118 clock cycles
Finishing 50 element array addition test (chunks)


Flushing the cache
Flushing the cache took 257 clock cycles


Beginning 50 element array addition test (chunks)

Storing arrays took 533 clock cycles
Adding arrays took 946 clock cycles
Verifying the sum took 398 clock cycles
Finishing 100 element array addition test (chunks)


Flushing the cache
Flushing the cache took 497 clock cycles


Beginning 100 element array addition test (chunks)

Storing arrays took 884 clock cycles
Adding arrays took 1688 clock cycles
Verifying the sum took 792 clock cycles
Finishing 500 element array addition test (chunks)


Flushing the cache
Flushing the cache took 929 clock cycles


Beginning 500 element array addition test (chunks)

Storing arrays took 5942 clock cycles
Adding arrays took 10310 clock cycles
Verifying the sum took 5394 clock cycles
Finishing 1000 element array addition test (chunks)


Flushing the cache
Flushing the cache took 305 clock cycles


Beginning 1000 element array addition test (chunks)

Storing arrays took 14000 clock cycles
Adding arrays took 23250 clock cycles
Verifying the sum took 8125 clock cycles
Finishing 1500 element array addition test (chunks)


Flushing the cache
Flushing the cache took 257 clock cycles


Beginning 1500 element array addition test (chunks)

Storing arrays took 20724 clock cycles
Adding arrays took 34958 clock cycles
Verifying the sum took 12163 clock cycles
Finishing 2500 element array addition test (chunks)


Flushing the cache
Flushing the cache took 305 clock cycles


Beginning 2500 element array addition test (chunks)

Storing arrays took 34964 clock cycles
Adding arrays took 58208 clock cycles
Verifying the sum took 20389 clock cycles
Finishing 5000 element array addition test (chunks)


Flushing the cache
Flushing the cache took 257 clock cycles


Beginning 5000 element array addition test (chunks)

Storing arrays took 70000 clock cycles
Adding arrays took 116250 clock cycles
Verifying the sum took 40625 clock cycles
Finishing 7500 element array addition test (chunks)


Flushing the cache
Flushing the cache took 257 clock cycles


Beginning 7500 element array addition test (chunks)

Storing arrays took 105000 clock cycles
Adding arrays took 174424 clock cycles
Verifying the sum took 60962 clock cycles
Finishing 10000 element array addition test (chunks)


Flushing the cache
Flushing the cache took 257 clock cycles


Beginning 10000 element array addition test (chunks)

Storing arrays took 140000 clock cycles
Adding arrays took 232500 clock cycles
Verifying the sum took 81250 clock cycles
Finishing 10 element array addition test (interleaved)


Flushing the cache
Flushing the cache took 257 clock cycles


Beginning 10 element array addition test (interleaved)

Storing arrays took 140 clock cycles
Adding arrays took 355 clock cycles
Verifying the sum took 182 clock cycles
Finishing 50 element array addition test (interleaved)


Flushing the cache
Flushing the cache took 257 clock cycles


Beginning 50 element array addition test (interleaved)

Storing arrays took 658 clock cycles
Adding arrays took 1432 clock cycles
Verifying the sum took 772 clock cycles
Finishing 100 element array addition test (interleaved)


Flushing the cache
Flushing the cache took 593 clock cycles


Beginning 100 element array addition test (interleaved)

Storing arrays took 724 clock cycles
Adding arrays took 1741 clock cycles
Verifying the sum took 1486 clock cycles
Finishing 500 element array addition test (interleaved)


Flushing the cache
Flushing the cache took 2081 clock cycles


Beginning 500 element array addition test (interleaved)

Storing arrays took 5701 clock cycles
Adding arrays took 14846 clock cycles
Verifying the sum took 7386 clock cycles
Finishing 1000 element array addition test (interleaved)


Flushing the cache
Flushing the cache took 257 clock cycles


Beginning 1000 element array addition test (interleaved)

Storing arrays took 11717 clock cycles
Adding arrays took 35460 clock cycles
Verifying the sum took 15021 clock cycles
Finishing 1500 element array addition test (interleaved)


Flushing the cache
Flushing the cache took 257 clock cycles


Beginning 1500 element array addition test (interleaved)

Storing arrays took 20888 clock cycles
Adding arrays took 55500 clock cycles
Verifying the sum took 22125 clock cycles
Finishing 2500 element array addition test (interleaved)


Flushing the cache
Flushing the cache took 257 clock cycles


Beginning 2500 element array addition test (interleaved)

Storing arrays took 35000 clock cycles
Adding arrays took 92500 clock cycles
Verifying the sum took 36886 clock cycles
Finishing 5000 element array addition test (interleaved)


Flushing the cache
Flushing the cache took 257 clock cycles


Beginning 5000 element array addition test (interleaved)

Storing arrays took 70014 clock cycles
Adding arrays took 185000 clock cycles
Verifying the sum took 73750 clock cycles
Finishing 7500 element array addition test (interleaved)


Flushing the cache
Flushing the cache took 257 clock cycles


Beginning 7500 element array addition test (interleaved)

Storing arrays took 105000 clock cycles
Adding arrays took 277500 clock cycles
Verifying the sum took 110636 clock cycles
Finishing 10000 element array addition test (interleaved)


Flushing the cache
Flushing the cache took 257 clock cycles


Beginning 10000 element array addition test (interleaved)

Storing arrays took 140014 clock cycles
Adding arrays took 370000 clock cycles
Verifying the sum took 147500 clock cycles
