Beginning 10 element array addition test (chunks)

Storing arrays took 140 clock cycles
Adding arrays took 261 clock cycles
Verifying the sum took 137 clock cycles
Finishing 50 element array addition test (chunks)
Beginning 50 element array addition test (chunks)

Storing arrays took 623 clock cycles
Adding arrays took 1097 clock cycles
Verifying the sum took 443 clock cycles
Finishing 100 element array addition test (chunks)
Beginning 100 element array addition test (chunks)

Storing arrays took 1048 clock cycles
Adding arrays took 1941 clock cycles
Verifying the sum took 837 clock cycles
Finishing 500 element array addition test (chunks)
Beginning 500 element array addition test (chunks)

Storing arrays took 6450 clock cycles
Adding arrays took 11041 clock cycles
Verifying the sum took 4763 clock cycles
Finishing 1000 element array addition test (chunks)
Beginning 1000 element array addition test (chunks)

Storing arrays took 11228 clock cycles
Adding arrays took 23421 clock cycles
Verifying the sum took 8125 clock cycles
Finishing 1500 element array addition test (chunks)
Beginning 1500 element array addition test (chunks)

Storing arrays took 20472 clock cycles
Adding arrays took 34924 clock cycles
Verifying the sum took 12212 clock cycles
Finishing 2500 element array addition test (chunks)
Beginning 2500 element array addition test (chunks)

Storing arrays took 30688 clock cycles
Adding arrays took 58174 clock cycles
Verifying the sum took 20337 clock cycles
Finishing 5000 element array addition test (chunks)
Beginning 5000 element array addition test (chunks)

Storing arrays took 70000 clock cycles
Adding arrays took 116250 clock cycles
Verifying the sum took 40625 clock cycles
Finishing 7500 element array addition test (chunks)
Beginning 7500 element array addition test (chunks)

Storing arrays took 105000 clock cycles
Adding arrays took 174424 clock cycles
Verifying the sum took 60962 clock cycles
Finishing 10000 element array addition test (chunks)
Beginning 10000 element array addition test (chunks)

Storing arrays took 140000 clock cycles
Adding arrays took 232500 clock cycles
Verifying the sum took 81250 clock cycles
Finishing 10 element array addition test (interleaved)
Beginning 10 element array addition test (interleaved)

Storing arrays took 154 clock cycles
Adding arrays took 355 clock cycles
Verifying the sum took 171 clock cycles
Finishing 50 element array addition test (interleaved)
Beginning 50 element array addition test (interleaved)

Storing arrays took 644 clock cycles
Adding arrays took 1460 clock cycles
Verifying the sum took 761 clock cycles
Finishing 100 element array addition test (interleaved)
Beginning 100 element array addition test (interleaved)

Storing arrays took 572 clock cycles
Adding arrays took 1907 clock cycles
Verifying the sum took 1475 clock cycles
Finishing 500 element array addition test (interleaved)
Beginning 500 element array addition test (interleaved)

Storing arrays took 5372 clock cycles
Adding arrays took 15189 clock cycles
Verifying the sum took 7375 clock cycles
Finishing 1000 element array addition test (interleaved)
Beginning 1000 element array addition test (interleaved)

Storing arrays took 11083 clock cycles
Adding arrays took 36108 clock cycles
Verifying the sum took 15010 clock cycles
Finishing 1500 element array addition test (interleaved)
Beginning 1500 element array addition test (interleaved)

Storing arrays took 20874 clock cycles
Adding arrays took 55500 clock cycles
Verifying the sum took 22136 clock cycles
Finishing 2500 element array addition test (interleaved)
Beginning 2500 element array addition test (interleaved)

Storing arrays took 35014 clock cycles
Adding arrays took 92500 clock cycles
Verifying the sum took 36875 clock cycles
Finishing 5000 element array addition test (interleaved)
Beginning 5000 element array addition test (interleaved)

Storing arrays took 70000 clock cycles
Adding arrays took 185000 clock cycles
Verifying the sum took 73761 clock cycles
Finishing 7500 element array addition test (interleaved)
Beginning 7500 element array addition test (interleaved)

Storing arrays took 105014 clock cycles
Adding arrays took 277500 clock cycles
Verifying the sum took 110625 clock cycles
Finishing 10000 element array addition test (interleaved)
Beginning 10000 element array addition test (interleaved)

Storing arrays took 140000 clock cycles
Adding arrays took 370000 clock cycles
Verifying the sum took 147511 clock cycles
