Beginning 10 element array addition test (chunks)

Storing arrays took 150 clock cycles
Adding arrays took 293 clock cycles
Verifying the sum took 141 clock cycles
Finishing 50 element array addition test (chunks)
Beginning 50 element array addition test (chunks)

Storing arrays took 666 clock cycles
Adding arrays took 1221 clock cycles
Verifying the sum took 506 clock cycles
Finishing 100 element array addition test (chunks)
Beginning 100 element array addition test (chunks)

Storing arrays took 940 clock cycles
Adding arrays took 1904 clock cycles
Verifying the sum took 954 clock cycles
Finishing 500 element array addition test (chunks)
Beginning 500 element array addition test (chunks)

Storing arrays took 6952 clock cycles
Adding arrays took 13103 clock cycles
Verifying the sum took 4654 clock cycles
Finishing 1000 element array addition test (chunks)
Beginning 1000 element array addition test (chunks)

Storing arrays took 12168 clock cycles
Adding arrays took 22578 clock cycles
Verifying the sum took 9295 clock cycles
Finishing 1500 element array addition test (chunks)
Beginning 1500 element array addition test (chunks)

Storing arrays took 16596 clock cycles
Adding arrays took 32212 clock cycles
Verifying the sum took 13976 clock cycles
Finishing 2500 element array addition test (chunks)
Beginning 2500 element array addition test (chunks)

Storing arrays took 37260 clock cycles
Adding arrays took 64768 clock cycles
Verifying the sum took 23154 clock cycles
Finishing 5000 element array addition test (chunks)
Beginning 5000 element array addition test (chunks)

Storing arrays took 74952 clock cycles
Adding arrays took 129942 clock cycles
Verifying the sum took 46250 clock cycles
Finishing 7500 element array addition test (chunks)
Beginning 7500 element array addition test (chunks)

Storing arrays took 112452 clock cycles
Adding arrays took 195004 clock cycles
Verifying the sum took 69404 clock cycles
Finishing 10000 element array addition test (chunks)
Beginning 10000 element array addition test (chunks)

Storing arrays took 150000 clock cycles
Adding arrays took 260000 clock cycles
Verifying the sum took 92500 clock cycles
Finishing 10 element array addition test (interleaved)
Beginning 10 element array addition test (interleaved)

Storing arrays took 150 clock cycles
Adding arrays took 405 clock cycles
Verifying the sum took 210 clock cycles
Finishing 50 element array addition test (interleaved)
Beginning 50 element array addition test (interleaved)

Storing arrays took 628 clock cycles
Adding arrays took 1563 clock cycles
Verifying the sum took 885 clock cycles
Finishing 100 element array addition test (interleaved)
Beginning 100 element array addition test (interleaved)

Storing arrays took 1410 clock cycles
Adding arrays took 2023 clock cycles
Verifying the sum took 1712 clock cycles
Finishing 500 element array addition test (interleaved)
Beginning 500 element array addition test (interleaved)

Storing arrays took 8571 clock cycles
Adding arrays took 21125 clock cycles
Verifying the sum took 8500 clock cycles
Finishing 1000 element array addition test (interleaved)
Beginning 1000 element array addition test (interleaved)

Storing arrays took 15000 clock cycles
Adding arrays took 42250 clock cycles
Verifying the sum took 17012 clock cycles
Finishing 1500 element array addition test (interleaved)
Beginning 1500 element array addition test (interleaved)

Storing arrays took 22515 clock cycles
Adding arrays took 63375 clock cycles
Verifying the sum took 25500 clock cycles
Finishing 2500 element array addition test (interleaved)
Beginning 2500 element array addition test (interleaved)

Storing arrays took 37500 clock cycles
Adding arrays took 105625 clock cycles
Verifying the sum took 42512 clock cycles
Finishing 5000 element array addition test (interleaved)
Beginning 5000 element array addition test (interleaved)

Storing arrays took 75015 clock cycles
Adding arrays took 211250 clock cycles
Verifying the sum took 85000 clock cycles
Finishing 7500 element array addition test (interleaved)
Beginning 7500 element array addition test (interleaved)

Storing arrays took 112500 clock cycles
Adding arrays took 316875 clock cycles
Verifying the sum took 127512 clock cycles
Finishing 10000 element array addition test (interleaved)
Beginning 10000 element array addition test (interleaved)

Storing arrays took 150015 clock cycles
Adding arrays took 422500 clock cycles
Verifying the sum took 170000 clock cycles
