Beginning 10 element array addition test (chunks)

Storing arrays took 140 clock cycles
Verifying arrays took 146 clock cycles
Flushing the cache took 33 clock cycles
Adding arrays took 239 clock cycles
Verifying the sum took 118 clock cycles
Finishing 10 element array addition test (interleaved)


Flushing the cache
Flushing the cache took 33 clock cycles


Beginning 10 element array addition test (interleaved)

Storing arrays took 154 clock cycles
Verifying arrays took 286 clock cycles
Flushing the cache took 33 clock cycles
Adding arrays took 356 clock cycles
Verifying the sum took 171 clock cycles
Finishing 1000 element array addition test (chunks)


Flushing the cache
Flushing the cache took 33 clock cycles


Beginning 1000 element array addition test (chunks)

Storing arrays took 14000 clock cycles
Verifying arrays took 16250 clock cycles
Flushing the cache took 33 clock cycles
Adding arrays took 23250 clock cycles
Verifying the sum took 8125 clock cycles
Finishing 1000 element array addition test (interleaved)


Flushing the cache
Flushing the cache took 33 clock cycles


Beginning 1000 element array addition test (interleaved)

Storing arrays took 14000 clock cycles
Verifying arrays took 28758 clock cycles
Flushing the cache took 33 clock cycles
Adding arrays took 35500 clock cycles
Verifying the sum took 14753 clock cycles
Finishing 100000 element array addition test (chunks)


Flushing the cache
Flushing the cache took 33 clock cycles


Beginning 100000 element array addition test (chunks)

Storing arrays took 1400000 clock cycles
Verifying arrays took 1625000 clock cycles
Flushing the cache took 33 clock cycles
Adding arrays took 2325000 clock cycles
Verifying the sum took 812500 clock cycles
Finishing 100000 element array addition test (interleaved)


Flushing the cache
Flushing the cache took 33 clock cycles


Beginning 100000 element array addition test (interleaved)

Storing arrays took 1400014 clock cycles
Verifying arrays took 2874999 clock cycles
Flushing the cache took 33 clock cycles
Adding arrays took 3322889 clock cycles
