Beginning 10 element array addition test (chunks)

Storing arrays took 140 clock cycles
Adding arrays took 216 clock cycles
Verifying the sum took 118 clock cycles
Finishing 50 element array addition test (chunks)


Flushing the cache
Flushing the cache took 33 clock cycles


Beginning 50 element array addition test (chunks)

Storing arrays took 533 clock cycles
Adding arrays took 946 clock cycles
Verifying the sum took 398 clock cycles
Finishing 100 element array addition test (chunks)


Flushing the cache
Flushing the cache took 81 clock cycles


Beginning 100 element array addition test (chunks)

Storing arrays took 1110 clock cycles
Adding arrays took 1986 clock cycles
Verifying the sum took 792 clock cycles
Finishing 500 element array addition test (chunks)


Flushing the cache
Flushing the cache took 177 clock cycles


Beginning 500 element array addition test (chunks)

Storing arrays took 6864 clock cycles
Adding arrays took 11656 clock cycles
Verifying the sum took 4038 clock cycles
Finishing 1000 element array addition test (chunks)


Flushing the cache
Flushing the cache took 81 clock cycles


Beginning 1000 element array addition test (chunks)

Storing arrays took 12400 clock cycles
Adding arrays took 23397 clock cycles
Verifying the sum took 8125 clock cycles
Finishing 1500 element array addition test (chunks)


Flushing the cache
Flushing the cache took 33 clock cycles


Beginning 1500 element array addition test (chunks)

Storing arrays took 18120 clock cycles
Adding arrays took 35169 clock cycles
Verifying the sum took 12212 clock cycles
Finishing 2500 element array addition test (chunks)


Flushing the cache
Flushing the cache took 33 clock cycles


Beginning 2500 element array addition test (chunks)

Storing arrays took 33751 clock cycles
Adding arrays took 58174 clock cycles
Verifying the sum took 20337 clock cycles
Finishing 5000 element array addition test (chunks)


Flushing the cache
Flushing the cache took 33 clock cycles


Beginning 5000 element array addition test (chunks)

Storing arrays took 70000 clock cycles
Adding arrays took 116250 clock cycles
Verifying the sum took 40625 clock cycles
Finishing 7500 element array addition test (chunks)


Flushing the cache
Flushing the cache took 33 clock cycles


Beginning 7500 element array addition test (chunks)

Storing arrays took 104964 clock cycles
Adding arrays took 174406 clock cycles
Verifying the sum took 61014 clock cycles
Finishing 10000 element array addition test (chunks)


Flushing the cache
Flushing the cache took 33 clock cycles


Beginning 10000 element array addition test (chunks)

Storing arrays took 139837 clock cycles
Adding arrays took 232500 clock cycles
Verifying the sum took 81250 clock cycles
Finishing 10 element array addition test (interleaved)


Flushing the cache
Flushing the cache took 33 clock cycles


Beginning 10 element array addition test (interleaved)

Storing arrays took 154 clock cycles
Adding arrays took 355 clock cycles
Verifying the sum took 171 clock cycles
Finishing 50 element array addition test (interleaved)


Flushing the cache
Flushing the cache took 33 clock cycles


Beginning 50 element array addition test (interleaved)

Storing arrays took 588 clock cycles
Adding arrays took 1402 clock cycles
Verifying the sum took 761 clock cycles
Finishing 100 element array addition test (interleaved)


Flushing the cache
Flushing the cache took 129 clock cycles


Beginning 100 element array addition test (interleaved)

Storing arrays took 1210 clock cycles
Adding arrays took 3357 clock cycles
Verifying the sum took 1486 clock cycles
Finishing 500 element array addition test (interleaved)


Flushing the cache
Flushing the cache took 33 clock cycles


Beginning 500 element array addition test (interleaved)

Storing arrays took 7014 clock cycles
Adding arrays took 18500 clock cycles
Verifying the sum took 7375 clock cycles
Finishing 1000 element array addition test (interleaved)


Flushing the cache
Flushing the cache took 33 clock cycles


Beginning 1000 element array addition test (interleaved)

Storing arrays took 14000 clock cycles
Adding arrays took 37000 clock cycles
Verifying the sum took 14761 clock cycles
Finishing 1500 element array addition test (interleaved)


Flushing the cache
Flushing the cache took 33 clock cycles


Beginning 1500 element array addition test (interleaved)

Storing arrays took 21014 clock cycles
Adding arrays took 55500 clock cycles
Verifying the sum took 22125 clock cycles
Finishing 2500 element array addition test (interleaved)


Flushing the cache
Flushing the cache took 33 clock cycles


Beginning 2500 element array addition test (interleaved)

Storing arrays took 35000 clock cycles
Adding arrays took 92500 clock cycles
Verifying the sum took 36886 clock cycles
Finishing 5000 element array addition test (interleaved)


Flushing the cache
Flushing the cache took 33 clock cycles


Beginning 5000 element array addition test (interleaved)

Storing arrays took 70014 clock cycles
Adding arrays took 185000 clock cycles
Verifying the sum took 73750 clock cycles
Finishing 7500 element array addition test (interleaved)


Flushing the cache
Flushing the cache took 33 clock cycles


Beginning 7500 element array addition test (interleaved)

Storing arrays took 105000 clock cycles
Adding arrays took 277500 clock cycles
Verifying the sum took 110636 clock cycles
Finishing 10000 element array addition test (interleaved)


Flushing the cache
Flushing the cache took 33 clock cycles


Beginning 10000 element array addition test (interleaved)

Storing arrays took 140014 clock cycles
Adding arrays took 370000 clock cycles
Verifying the sum took 147500 clock cycles
