Beginning 10 element array addition test (chunks)

Storing arrays took 140 clock cycles
Adding arrays took 261 clock cycles
Verifying the sum took 137 clock cycles
Finishing 50 element array addition test (chunks)
Beginning 50 element array addition test (chunks)

Storing arrays took 623 clock cycles
Adding arrays took 1097 clock cycles
Verifying the sum took 443 clock cycles
Finishing 100 element array addition test (chunks)
Beginning 100 element array addition test (chunks)

Storing arrays took 1048 clock cycles
Adding arrays took 2333 clock cycles
Verifying the sum took 837 clock cycles
Finishing 500 element array addition test (chunks)
Beginning 500 element array addition test (chunks)

Storing arrays took 6670 clock cycles
Adding arrays took 11380 clock cycles
Verifying the sum took 4087 clock cycles
Finishing 1000 element array addition test (chunks)
Beginning 1000 element array addition test (chunks)

Storing arrays took 11668 clock cycles
Adding arrays took 20702 clock cycles
Verifying the sum took 8174 clock cycles
Finishing 1500 element array addition test (chunks)
Beginning 1500 element array addition test (chunks)

Storing arrays took 14576 clock cycles
Adding arrays took 29387 clock cycles
Verifying the sum took 12506 clock cycles
Finishing 2500 element array addition test (chunks)
Beginning 2500 element array addition test (chunks)

Storing arrays took 34736 clock cycles
Adding arrays took 57880 clock cycles
Verifying the sum took 20337 clock cycles
Finishing 5000 element array addition test (chunks)
Beginning 5000 element array addition test (chunks)

Storing arrays took 69736 clock cycles
Adding arrays took 116005 clock cycles
Verifying the sum took 40625 clock cycles
Finishing 7500 element array addition test (chunks)
Beginning 7500 element array addition test (chunks)

Storing arrays took 104736 clock cycles
Adding arrays took 174130 clock cycles
Verifying the sum took 60962 clock cycles
Finishing 10000 element array addition test (chunks)
Beginning 10000 element array addition test (chunks)

Storing arrays took 140000 clock cycles
Adding arrays took 232500 clock cycles
Verifying the sum took 81250 clock cycles
Finishing 10 element array addition test (interleaved)
Beginning 10 element array addition test (interleaved)

Storing arrays took 140 clock cycles
Adding arrays took 355 clock cycles
Verifying the sum took 182 clock cycles
Finishing 50 element array addition test (interleaved)
Beginning 50 element array addition test (interleaved)

Storing arrays took 594 clock cycles
Adding arrays took 1386 clock cycles
Verifying the sum took 768 clock cycles
Finishing 100 element array addition test (interleaved)
Beginning 100 element array addition test (interleaved)

Storing arrays took 1224 clock cycles
Adding arrays took 3357 clock cycles
Verifying the sum took 1475 clock cycles
Finishing 500 element array addition test (interleaved)
Beginning 500 element array addition test (interleaved)

Storing arrays took 7000 clock cycles
Adding arrays took 18500 clock cycles
Verifying the sum took 7386 clock cycles
Finishing 1000 element array addition test (interleaved)
Beginning 1000 element array addition test (interleaved)

Storing arrays took 14014 clock cycles
Adding arrays took 37000 clock cycles
Verifying the sum took 14750 clock cycles
Finishing 1500 element array addition test (interleaved)
Beginning 1500 element array addition test (interleaved)

Storing arrays took 21000 clock cycles
Adding arrays took 55500 clock cycles
Verifying the sum took 22136 clock cycles
Finishing 2500 element array addition test (interleaved)
Beginning 2500 element array addition test (interleaved)

Storing arrays took 35014 clock cycles
Adding arrays took 92500 clock cycles
Verifying the sum took 36875 clock cycles
Finishing 5000 element array addition test (interleaved)
Beginning 5000 element array addition test (interleaved)

Storing arrays took 70000 clock cycles
Adding arrays took 185000 clock cycles
Verifying the sum took 73761 clock cycles
Finishing 7500 element array addition test (interleaved)
Beginning 7500 element array addition test (interleaved)

Storing arrays took 105014 clock cycles
Adding arrays took 277500 clock cycles
Verifying the sum took 110625 clock cycles
Finishing 10000 element array addition test (interleaved)
Beginning 10000 element array addition test (interleaved)

Storing arrays took 140000 clock cycles
Adding arrays took 370000 clock cycles
Verifying the sum took 147511 clock cycles
